<?xml version="1.0" encoding="UTF-8"?>
<coverage generated="1632484183">
  <project timestamp="1632484183">
    <file name="/home/ilhooq/Dev/PHP/Piko/Core/src/Component.php">
      <class name="piko\Component" namespace="global">
        <metrics complexity="19" methods="8" coveredmethods="8" conditionals="0" coveredconditionals="0" statements="33" coveredstatements="33" elements="41" coveredelements="41"/>
      </class>
      <line num="53" type="method" name="__construct" visibility="public" complexity="1" crap="1" count="3"/>
      <line num="55" type="stmt" count="3"/>
      <line num="56" type="stmt" count="3"/>
      <line num="57" type="stmt" count="3"/>
      <line num="64" type="method" name="init" visibility="protected" complexity="1" crap="1" count="3"/>
      <line num="66" type="stmt" count="3"/>
      <line num="76" type="method" name="__call" visibility="public" complexity="2" crap="2" count="1"/>
      <line num="78" type="stmt" count="1"/>
      <line num="79" type="stmt" count="1"/>
      <line num="82" type="stmt" count="1"/>
      <line num="98" type="method" name="on" visibility="public" complexity="3" crap="3" count="1"/>
      <line num="100" type="stmt" count="1"/>
      <line num="101" type="stmt" count="1"/>
      <line num="104" type="stmt" count="1"/>
      <line num="105" type="stmt" count="1"/>
      <line num="107" type="stmt" count="1"/>
      <line num="109" type="stmt" count="1"/>
      <line num="124" type="method" name="when" visibility="public" complexity="3" crap="3" count="1"/>
      <line num="126" type="stmt" count="1"/>
      <line num="127" type="stmt" count="1"/>
      <line num="130" type="stmt" count="1"/>
      <line num="131" type="stmt" count="1"/>
      <line num="133" type="stmt" count="1"/>
      <line num="135" type="stmt" count="1"/>
      <line num="146" type="method" name="trigger" visibility="public" complexity="5" crap="5" count="1"/>
      <line num="148" type="stmt" count="1"/>
      <line num="150" type="stmt" count="1"/>
      <line num="151" type="stmt" count="1"/>
      <line num="152" type="stmt" count="1"/>
      <line num="156" type="stmt" count="1"/>
      <line num="157" type="stmt" count="1"/>
      <line num="158" type="stmt" count="1"/>
      <line num="162" type="stmt" count="1"/>
      <line num="176" type="method" name="attachBehavior" visibility="public" complexity="2" crap="2" count="1"/>
      <line num="178" type="stmt" count="1"/>
      <line num="179" type="stmt" count="1"/>
      <line num="181" type="stmt" count="1"/>
      <line num="189" type="method" name="detachBehavior" visibility="public" complexity="2" crap="2" count="1"/>
      <line num="191" type="stmt" count="1"/>
      <line num="192" type="stmt" count="1"/>
      <line num="194" type="stmt" count="1"/>
      <metrics loc="195" ncloc="93" classes="1" methods="8" coveredmethods="8" conditionals="0" coveredconditionals="0" statements="33" coveredstatements="33" elements="41" coveredelements="41"/>
    </file>
    <file name="/home/ilhooq/Dev/PHP/Piko/Core/src/Piko.php">
      <class name="piko\Piko" namespace="global">
        <metrics complexity="17" methods="7" coveredmethods="7" conditionals="0" coveredconditionals="0" statements="30" coveredstatements="30" elements="37" coveredelements="37"/>
      </class>
      <line num="43" type="method" name="get" visibility="public" complexity="2" crap="2" count="1"/>
      <line num="45" type="stmt" count="1"/>
      <line num="47" type="stmt" count="1"/>
      <line num="48" type="stmt" count="1"/>
      <line num="51" type="stmt" count="1"/>
      <line num="61" type="method" name="set" visibility="public" complexity="1" crap="1" count="1"/>
      <line num="63" type="stmt" count="1"/>
      <line num="64" type="stmt" count="1"/>
      <line num="77" type="method" name="setAlias" visibility="public" complexity="2" crap="2" count="1"/>
      <line num="79" type="stmt" count="1"/>
      <line num="80" type="stmt" count="1"/>
      <line num="83" type="stmt" count="1"/>
      <line num="84" type="stmt" count="1"/>
      <line num="92" type="method" name="getAlias" visibility="public" complexity="5" crap="5" count="1"/>
      <line num="94" type="stmt" count="1"/>
      <line num="95" type="stmt" count="1"/>
      <line num="98" type="stmt" count="1"/>
      <line num="99" type="stmt" count="1"/>
      <line num="101" type="stmt" count="1"/>
      <line num="102" type="stmt" count="1"/>
      <line num="105" type="stmt" count="1"/>
      <line num="118" type="method" name="createObject" visibility="public" complexity="4" crap="4" count="2"/>
      <line num="120" type="stmt" count="2"/>
      <line num="121" type="stmt" count="1"/>
      <line num="122" type="stmt" count="1"/>
      <line num="123" type="stmt" count="1"/>
      <line num="126" type="stmt" count="2"/>
      <line num="127" type="stmt" count="2"/>
      <line num="130" type="stmt" count="2"/>
      <line num="140" type="method" name="configureObject" visibility="public" complexity="2" crap="2" count="3"/>
      <line num="142" type="stmt" count="3"/>
      <line num="143" type="stmt" count="1"/>
      <line num="145" type="stmt" count="3"/>
      <line num="147" type="method" name="reset" visibility="public" complexity="1" crap="1" count="4"/>
      <line num="149" type="stmt" count="4"/>
      <line num="150" type="stmt" count="4"/>
      <line num="151" type="stmt" count="4"/>
      <metrics loc="152" ncloc="82" classes="1" methods="7" coveredmethods="7" conditionals="0" coveredconditionals="0" statements="30" coveredstatements="30" elements="37" coveredelements="37"/>
    </file>
    <metrics files="2" loc="347" ncloc="175" classes="2" methods="15" coveredmethods="15" conditionals="0" coveredconditionals="0" statements="63" coveredstatements="63" elements="78" coveredelements="78"/>
  </project>
</coverage>
